<?xml version="1.0" encoding="UTF-8"?>
<testng-results skipped="1" failed="1" total="2" passed="0">
  <reporter-output>
  </reporter-output>
  <suite name="IMDB Top 250 Movies" duration-ms="135319" started-at="2015-02-11T15:43:46Z" finished-at="2015-02-11T15:46:02Z">
    <groups>
    </groups>
    <test name="Verify Title IMDB Top 250 Movies page and Save the data into database" duration-ms="135319" started-at="2015-02-11T15:43:46Z" finished-at="2015-02-11T15:46:02Z">
      <class name="com.FetchTopData">
        <test-method status="PASS" signature="start()[pri:0, instance:com.FetchTopData@507792fe]" name="start" is-config="true" duration-ms="30288" started-at="2015-02-11T08:43:46Z" finished-at="2015-02-11T08:44:17Z">
          <reporter-output>
          </reporter-output>
        </test-method> <!-- start -->
        <test-method status="FAIL" signature="getFirst250MoviesFromIMDB()[pri:0, instance:com.FetchTopData@507792fe]" name="getFirst250MoviesFromIMDB" duration-ms="102509" started-at="2015-02-11T08:44:17Z" description="Verify the title of Top 250 chart page" finished-at="2015-02-11T08:45:59Z">
          <exception class="java.lang.AssertionError">
            <message>
              <![CDATA[expected [IMDb Top 250 - IMDb] but found [IMDb Top 250 - IMDb1]]]>
            </message>
            <full-stacktrace>
              <![CDATA[java.lang.AssertionError: expected [IMDb Top 250 - IMDb] but found [IMDb Top 250 - IMDb1]
	at org.testng.Assert.fail(Assert.java:94)
	at org.testng.Assert.failNotEquals(Assert.java:494)
	at org.testng.Assert.assertEquals(Assert.java:123)
	at org.testng.Assert.assertEquals(Assert.java:176)
	at org.testng.Assert.assertEquals(Assert.java:186)
	at com.common.Assertions.verifyEqual(Assertions.java:16)
	at com.FetchTopData.getFirst250MoviesFromIMDB(FetchTopData.java:40)
	at sun.reflect.NativeMethodAccessorImpl.invoke0(Native Method)
	at sun.reflect.NativeMethodAccessorImpl.invoke(Unknown Source)
	at sun.reflect.DelegatingMethodAccessorImpl.invoke(Unknown Source)
	at java.lang.reflect.Method.invoke(Unknown Source)
	at org.testng.internal.MethodInvocationHelper.invokeMethod(MethodInvocationHelper.java:84)
	at org.testng.internal.Invoker.invokeMethod(Invoker.java:714)
	at org.testng.internal.Invoker.invokeTestMethod(Invoker.java:901)
	at org.testng.internal.Invoker.invokeTestMethods(Invoker.java:1231)
	at org.testng.internal.TestMethodWorker.invokeTestMethods(TestMethodWorker.java:127)
	at org.testng.internal.TestMethodWorker.run(TestMethodWorker.java:111)
	at org.testng.TestRunner.privateRun(TestRunner.java:767)
	at org.testng.TestRunner.run(TestRunner.java:617)
	at org.testng.SuiteRunner.runTest(SuiteRunner.java:334)
	at org.testng.SuiteRunner.runSequentially(SuiteRunner.java:329)
	at org.testng.SuiteRunner.privateRun(SuiteRunner.java:291)
	at org.testng.SuiteRunner.run(SuiteRunner.java:240)
	at org.testng.SuiteRunnerWorker.runSuite(SuiteRunnerWorker.java:52)
	at org.testng.SuiteRunnerWorker.run(SuiteRunnerWorker.java:86)
	at org.testng.TestNG.runSuitesSequentially(TestNG.java:1234)
	at org.testng.TestNG.runSuitesLocally(TestNG.java:1159)
	at org.testng.TestNG.run(TestNG.java:1067)
	at org.testng.remote.RemoteTestNG.run(RemoteTestNG.java:111)
	at org.testng.remote.RemoteTestNG.initAndRun(RemoteTestNG.java:204)
	at org.testng.remote.RemoteTestNG.main(RemoteTestNG.java:175)
]]>
            </full-stacktrace>
          </exception> <!-- java.lang.AssertionError -->
          <reporter-output>
          </reporter-output>
        </test-method> <!-- getFirst250MoviesFromIMDB -->
        <test-method status="SKIP" signature="saveAndPrintMoviesDetails()[pri:0, instance:com.FetchTopData@507792fe]" name="saveAndPrintMoviesDetails" duration-ms="2" started-at="2015-02-11T08:45:59Z" description="dependent on verify title, truncate database, populate database and print the data to console from database" depends-on-methods="com.FetchTopData.getFirst250MoviesFromIMDB" finished-at="2015-02-11T08:45:59Z">
          <reporter-output>
          </reporter-output>
        </test-method> <!-- saveAndPrintMoviesDetails -->
        <test-method status="PASS" signature="tearDown()[pri:0, instance:com.FetchTopData@507792fe]" name="tearDown" is-config="true" duration-ms="2455" started-at="2015-02-11T08:45:59Z" finished-at="2015-02-11T08:46:02Z">
          <reporter-output>
          </reporter-output>
        </test-method> <!-- tearDown -->
      </class> <!-- com.FetchTopData -->
    </test> <!-- Verify Title IMDB Top 250 Movies page and Save the data into database -->
  </suite> <!-- IMDB Top 250 Movies -->
</testng-results>
